0 info it worked if it ends with ok
1 verbose cli [ '/usr/bin/nodejs', '/usr/bin/npm', 'start' ]
2 info using npm@3.8.6
3 info using node@v5.11.0
4 verbose run-script [ 'prestart', 'start', 'poststart' ]
<<<<<<< HEAD:npm-debug.log
5 info lifecycle ascent@0.0.1~prestart: ascent@0.0.1
6 silly lifecycle ascent@0.0.1~prestart: no script for prestart, continuing
7 info lifecycle ascent@0.0.1~start: ascent@0.0.1
8 verbose lifecycle ascent@0.0.1~start: unsafe-perm in lifecycle true
9 verbose lifecycle ascent@0.0.1~start: PATH: /usr/lib/node_modules/npm/bin/node-gyp-bin:/home/maycon/Documentos/ascent/node_modules/.bin:/usr/bin:/usr/local/sbin:/usr/local/bin:/usr/sbin:/usr/bin:/sbin:/bin:/usr/games:/usr/local/games
10 verbose lifecycle ascent@0.0.1~start: CWD: /home/maycon/Documentos/ascent
11 silly lifecycle ascent@0.0.1~start: Args: [ '-c', 'node index.js' ]
12 silly lifecycle ascent@0.0.1~start: Returned: code: 1  signal: null
13 info lifecycle ascent@0.0.1~start: Failed to exec start script
14 verbose stack Error: ascent@0.0.1 start: `node index.js`
14 verbose stack Exit status 1
14 verbose stack     at EventEmitter.<anonymous> (/usr/lib/node_modules/npm/lib/utils/lifecycle.js:239:16)
14 verbose stack     at emitTwo (events.js:100:13)
14 verbose stack     at EventEmitter.emit (events.js:185:7)
14 verbose stack     at ChildProcess.<anonymous> (/usr/lib/node_modules/npm/lib/utils/spawn.js:24:14)
14 verbose stack     at emitTwo (events.js:100:13)
14 verbose stack     at ChildProcess.emit (events.js:185:7)
14 verbose stack     at maybeClose (internal/child_process.js:850:16)
14 verbose stack     at Process.ChildProcess._handle.onexit (internal/child_process.js:215:5)
15 verbose pkgid ascent@0.0.1
16 verbose cwd /home/maycon/Documentos/ascent
17 error Linux 3.19.0-60-generic
18 error argv "/usr/bin/nodejs" "/usr/bin/npm" "start"
19 error node v5.11.0
20 error npm  v3.8.6
21 error code ELIFECYCLE
22 error ascent@0.0.1 start: `node index.js`
22 error Exit status 1
23 error Failed at the ascent@0.0.1 start script 'node index.js'.
23 error Make sure you have the latest version of node.js and npm installed.
23 error If you do, this is most likely a problem with the ascent package,
23 error not with npm itself.
23 error Tell the author that this fails on your system:
23 error     node index.js
23 error You can get information on how to open an issue for this project with:
23 error     npm bugs ascent
23 error Or if that isn't available, you can get their info via:
23 error     npm owner ls ascent
23 error There is likely additional logging output above.
24 verbose exit [ 1, true ]
=======
5 info prestart ascent@0.0.1
6 info start ascent@0.0.1
7 verbose unsafe-perm in lifecycle true
8 info ascent@0.0.1 Failed to exec start script
9 verbose stack Error: ascent@0.0.1 start: `node index.js`
9 verbose stack Exit status 1
9 verbose stack     at EventEmitter.<anonymous> (/home/baudelaire/.nvm/v4.2.4/lib/node_modules/npm/lib/utils/lifecycle.js:214:16)
9 verbose stack     at emitTwo (events.js:87:13)
9 verbose stack     at EventEmitter.emit (events.js:172:7)
9 verbose stack     at ChildProcess.<anonymous> (/home/baudelaire/.nvm/v4.2.4/lib/node_modules/npm/lib/utils/spawn.js:24:14)
9 verbose stack     at emitTwo (events.js:87:13)
9 verbose stack     at ChildProcess.emit (events.js:172:7)
9 verbose stack     at maybeClose (internal/child_process.js:818:16)
9 verbose stack     at Process.ChildProcess._handle.onexit (internal/child_process.js:211:5)
10 verbose pkgid ascent@0.0.1
11 verbose cwd /home/baudelaire/Desktop/coder/ascent/public/js
12 error Linux 4.2.0-16-generic
13 error argv "/home/baudelaire/.nvm/v4.2.4/bin/node" "/home/baudelaire/.nvm/v4.2.4/bin/npm" "start"
14 error node v4.2.4
15 error npm  v2.14.12
16 error code ELIFECYCLE
17 error ascent@0.0.1 start: `node index.js`
17 error Exit status 1
18 error Failed at the ascent@0.0.1 start script 'node index.js'.
18 error This is most likely a problem with the ascent package,
18 error not with npm itself.
18 error Tell the author that this fails on your system:
18 error     node index.js
18 error You can get their info via:
18 error     npm owner ls ascent
18 error There is likely additional logging output above.
19 verbose exit [ 1, true ]
>>>>>>> 2f037bef58efdd0ae301b85e3db135cbaf332426:public/js/npm-debug.log
